0 verbose cli D:\node\nodejs\node.exe D:\nvm\nvm\v16.20.2\node_modules\npm\bin\npm-cli.js
1 info using npm@8.19.4
2 info using node@v16.20.2
3 timing npm:load:whichnode Completed in 0ms
4 timing config:load:defaults Completed in 1ms
5 timing config:load:file:D:\nvm\nvm\v16.20.2\node_modules\npm\npmrc Completed in 1ms
6 timing config:load:builtin Completed in 2ms
7 timing config:load:cli Completed in 2ms
8 timing config:load:env Completed in 0ms
9 timing config:load:file:D:\ymsdproject\02-JavaScript\XMstudy\SSg\.npmrc Completed in 1ms
10 timing config:load:project Completed in 6ms
11 timing config:load:file:C:\Users\CEO\.npmrc Completed in 1ms
12 timing config:load:user Completed in 1ms
13 timing config:load:file:D:\NOde\node_global\etc\npmrc Completed in 0ms
14 timing config:load:global Completed in 0ms
15 timing config:load:validate Completed in 2ms
16 timing config:load:credentials Completed in 1ms
17 timing config:load:setEnvs Completed in 1ms
18 timing config:load Completed in 16ms
19 timing npm:load:configload Completed in 16ms
20 timing npm:load:mkdirpcache Completed in 1ms
21 timing npm:load:mkdirplogs Completed in 0ms
22 verbose title npm exec vitepress build
23 verbose argv "exec" "--" "vitepress" "build"
24 timing npm:load:setTitle Completed in 1ms
25 timing config:load:flatten Completed in 2ms
26 timing npm:load:display Completed in 4ms
27 verbose logfile logs-max:10 dir:D:\ymsdproject\02-JavaScript\XMstudy\SSg\npm-cache\_logs
28 verbose logfile D:\ymsdproject\02-JavaScript\XMstudy\SSg\npm-cache\_logs\2025-05-15T00_22_28_211Z-debug-0.log
29 timing npm:load:logFile Completed in 8ms
30 timing npm:load:timers Completed in 0ms
31 timing npm:load:configScope Completed in 0ms
32 timing npm:load Completed in 31ms
33 silly logfile done cleaning log files
34 http fetch GET 200 https://registry.npmmirror.com/npm 175ms (cache miss)
35 timing command:exec Completed in 15692ms
36 notice
36 notice New [31mmajor[39m version of npm available! [31m8.19.4[39m -> [32m11.3.0[39m
36 notice Changelog: [36mhttps://github.com/npm/cli/releases/tag/v11.3.0[39m
36 notice Run [32mnpm install -g npm@11.3.0[39m to update!
36 notice
37 verbose exit 0
38 timing npm Completed in 15910ms
39 info ok
