0 verbose cli D:\node\nodejs\node.exe D:\node\nodejs\node_modules\npm\bin\npm-cli.js
1 info using npm@8.19.4
2 info using node@v16.20.2
3 timing npm:load:whichnode Completed in 0ms
4 timing config:load:defaults Completed in 5ms
5 timing config:load:file:D:\nvm\nvm\v16.20.2\node_modules\npm\npmrc Completed in 1ms
6 timing config:load:builtin Completed in 1ms
7 timing config:load:cli Completed in 1ms
8 timing config:load:env Completed in 1ms
9 timing config:load:file:D:\ymsdproject\02-JavaScript\XMstudy\SSg\.npmrc Completed in 1ms
10 timing config:load:project Completed in 4ms
11 timing config:load:file:C:\Users\CEO\.npmrc Completed in 1ms
12 timing config:load:user Completed in 1ms
13 timing config:load:file:D:\NOde\node_global\etc\npmrc Completed in 0ms
14 timing config:load:global Completed in 0ms
15 timing config:load:validate Completed in 1ms
16 timing config:load:credentials Completed in 1ms
17 timing config:load:setEnvs Completed in 1ms
18 timing config:load Completed in 16ms
19 timing npm:load:configload Completed in 16ms
20 timing npm:load:mkdirpcache Completed in 1ms
21 timing npm:load:mkdirplogs Completed in 0ms
22 verbose title npm run docs:build
23 verbose argv "run" "docs:build"
24 timing npm:load:setTitle Completed in 2ms
25 timing config:load:flatten Completed in 2ms
26 timing npm:load:display Completed in 3ms
27 verbose logfile logs-max:10 dir:D:\ymsdproject\02-JavaScript\XMstudy\SSg\npm-cache\_logs
28 verbose logfile D:\ymsdproject\02-JavaScript\XMstudy\SSg\npm-cache\_logs\2025-05-15T00_33_08_832Z-debug-0.log
29 timing npm:load:logFile Completed in 8ms
30 timing npm:load:timers Completed in 0ms
31 timing npm:load:configScope Completed in 0ms
32 timing npm:load Completed in 30ms
33 silly logfile done cleaning log files
34 timing command:run Completed in 15131ms
35 verbose exit 0
36 timing npm Completed in 15173ms
37 info ok
