0 verbose cli D:\node\nodejs\node.exe D:\node\nodejs\node_modules\npm\bin\npm-cli.js
1 info using npm@8.19.4
2 info using node@v16.20.2
3 timing npm:load:whichnode Completed in 1ms
4 timing config:load:defaults Completed in 4ms
5 timing config:load:file:D:\nvm\nvm\v16.20.2\node_modules\npm\npmrc Completed in 1ms
6 timing config:load:builtin Completed in 1ms
7 timing config:load:cli Completed in 2ms
8 timing config:load:env Completed in 0ms
9 timing config:load:file:D:\ymsdproject\02-JavaScript\XMstudy\SSg\.npmrc Completed in 2ms
10 timing config:load:project Completed in 4ms
11 timing config:load:file:C:\Users\CEO\.npmrc Completed in 0ms
12 timing config:load:user Completed in 0ms
13 timing config:load:file:D:\NOde\node_global\etc\npmrc Completed in 0ms
14 timing config:load:global Completed in 1ms
15 timing config:load:validate Completed in 1ms
16 timing config:load:credentials Completed in 1ms
17 timing config:load:setEnvs Completed in 1ms
18 timing config:load Completed in 16ms
19 timing npm:load:configload Completed in 16ms
20 timing npm:load:mkdirpcache Completed in 1ms
21 timing npm:load:mkdirplogs Completed in 0ms
22 verbose title npm run docs:dev
23 verbose argv "run" "docs:dev"
24 timing npm:load:setTitle Completed in 1ms
25 timing config:load:flatten Completed in 2ms
26 timing npm:load:display Completed in 4ms
27 verbose logfile logs-max:10 dir:D:\ymsdproject\02-JavaScript\XMstudy\SSg\npm-cache\_logs
28 verbose logfile D:\ymsdproject\02-JavaScript\XMstudy\SSg\npm-cache\_logs\2025-05-15T06_25_03_843Z-debug-0.log
29 timing npm:load:logFile Completed in 6ms
30 timing npm:load:timers Completed in 0ms
31 timing npm:load:configScope Completed in 0ms
32 timing npm:load Completed in 31ms
33 silly logfile start cleaning logs, removing 1 files
34 silly logfile done cleaning log files
35 timing command:run Completed in 60441ms
36 verbose exit 1
37 timing npm Completed in 60487ms
38 verbose code 1
